<?xml version="1.0" encoding="UTF-8"?>
<!-- Generated by org.testng.reporters.JUnitReportReporter -->
<testsuite hostname="ALI-72106N" name="app.core.service.TrainStockTest" tests="1" failures="0" timestamp="3 Mar 2016 08:43:28 GMT" time="0.035" errors="0">
  <testcase name="bitsetTest" time="0.035" classname="app.core.service.TrainStockTest"/>
</testsuite> <!-- app.core.service.TrainStockTest -->
